<?xml version="1.0" encoding="UTF-8"?>
<coverage generated="1579770740168" clover="3.2.0">
  <project timestamp="1579770740168" name="All files">
    <metrics statements="25" coveredstatements="10" conditionals="4" coveredconditionals="0" methods="9" coveredmethods="2" elements="38" coveredelements="12" complexity="0" loc="25" ncloc="25" packages="4" files="6" classes="6"/>
    <package name="maastokartoitus-app">
      <metrics statements="1" coveredstatements="1" conditionals="0" coveredconditionals="0" methods="1" coveredmethods="1"/>
      <file name="App.js" path="/home/alisa/maastokartoitus-app/maastokartoitus-app/App.js">
        <metrics statements="1" coveredstatements="1" conditionals="0" coveredconditionals="0" methods="1" coveredmethods="1"/>
        <line num="6" count="1" type="stmt"/>
      </file>
    </package>
    <package name="maastokartoitus-app.components">
      <metrics statements="11" coveredstatements="0" conditionals="4" coveredconditionals="0" methods="3" coveredmethods="0"/>
      <file name="MapComponent.js" path="/home/alisa/maastokartoitus-app/maastokartoitus-app/components/MapComponent.js">
        <metrics statements="11" coveredstatements="0" conditionals="4" coveredconditionals="0" methods="3" coveredmethods="0"/>
        <line num="7" count="0" type="stmt"/>
        <line num="9" count="0" type="stmt"/>
        <line num="10" count="0" type="stmt"/>
        <line num="13" count="0" type="stmt"/>
        <line num="14" count="0" type="stmt"/>
        <line num="16" count="0" type="cond" truecount="0" falsecount="2"/>
        <line num="17" count="0" type="stmt"/>
        <line num="20" count="0" type="stmt"/>
        <line num="21" count="0" type="stmt"/>
        <line num="28" count="0" type="stmt"/>
        <line num="31" count="0" type="stmt"/>
      </file>
    </package>
    <package name="maastokartoitus-app.navigator">
      <metrics statements="2" coveredstatements="2" conditionals="0" coveredconditionals="0" methods="0" coveredmethods="0"/>
      <file name="MyNavigator.js" path="/home/alisa/maastokartoitus-app/maastokartoitus-app/navigator/MyNavigator.js">
        <metrics statements="2" coveredstatements="2" conditionals="0" coveredconditionals="0" methods="0" coveredmethods="0"/>
        <line num="7" count="1" type="stmt"/>
        <line num="18" count="1" type="stmt"/>
      </file>
    </package>
    <package name="maastokartoitus-app.screens">
      <metrics statements="11" coveredstatements="7" conditionals="0" coveredconditionals="0" methods="5" coveredmethods="1"/>
      <file name="HavaintoScreen.js" path="/home/alisa/maastokartoitus-app/maastokartoitus-app/screens/HavaintoScreen.js">
        <metrics statements="2" coveredstatements="1" conditionals="0" coveredconditionals="0" methods="1" coveredmethods="0"/>
        <line num="5" count="1" type="stmt"/>
        <line num="11" count="0" type="stmt"/>
      </file>
      <file name="HomeScreen.js" path="/home/alisa/maastokartoitus-app/maastokartoitus-app/screens/HomeScreen.js">
        <metrics statements="6" coveredstatements="4" conditionals="0" coveredconditionals="0" methods="3" coveredmethods="1"/>
        <line num="5" count="2" type="stmt"/>
        <line num="10" count="2" type="stmt"/>
        <line num="12" count="2" type="stmt"/>
        <line num="17" count="0" type="stmt"/>
        <line num="23" count="0" type="stmt"/>
        <line num="31" count="2" type="stmt"/>
      </file>
      <file name="MapScreen.js" path="/home/alisa/maastokartoitus-app/maastokartoitus-app/screens/MapScreen.js">
        <metrics statements="3" coveredstatements="2" conditionals="0" coveredconditionals="0" methods="1" coveredmethods="0"/>
        <line num="6" count="1" type="stmt"/>
        <line num="12" count="0" type="stmt"/>
        <line num="20" count="1" type="stmt"/>
      </file>
    </package>
  </project>
</coverage>
