{"/home/alisa/maastokartoitus-app/maastokartoitus-app/App.js": {"path":"/home/alisa/maastokartoitus-app/maastokartoitus-app/App.js","statementMap":{"0":{"start":{"line":6,"column":8},"end":{"line":6,"column":31}}},"fnMap":{"0":{"name":"(anonymous_0)","decl":{"start":{"line":5,"column":4},"end":{"line":5,"column":5}},"loc":{"start":{"line":5,"column":13},"end":{"line":7,"column":5}},"line":5}},"branchMap":{},"s":{"0":1},"f":{"0":1},"b":{},"_coverageSchema":"43e27e138ebf9cfc5966b082cf9a028302ed4184","hash":"53f2ca1246aae64366cc97568e77bc07cc37213c"}
,"/home/alisa/maastokartoitus-app/maastokartoitus-app/components/MapComponent.js": {"path":"/home/alisa/maastokartoitus-app/maastokartoitus-app/components/MapComponent.js","statementMap":{"0":{"start":{"line":7,"column":4},"end":{"line":7,"column":171}},"1":{"start":{"line":9,"column":4},"end":{"line":11,"column":10}},"2":{"start":{"line":10,"column":8},"end":{"line":10,"column":21}},"3":{"start":{"line":13,"column":4},"end":{"line":29,"column":5}},"4":{"start":{"line":14,"column":25},"end":{"line":14,"column":73}},"5":{"start":{"line":16,"column":8},"end":{"line":18,"column":9}},"6":{"start":{"line":17,"column":12},"end":{"line":17,"column":102}},"7":{"start":{"line":20,"column":23},"end":{"line":20,"column":65}},"8":{"start":{"line":21,"column":23},"end":{"line":26,"column":9}},"9":{"start":{"line":28,"column":8},"end":{"line":28,"column":63}},"10":{"start":{"line":31,"column":4},"end":{"line":48,"column":5}}},"fnMap":{"0":{"name":"(anonymous_0)","decl":{"start":{"line":6,"column":30},"end":{"line":6,"column":31}},"loc":{"start":{"line":6,"column":45},"end":{"line":49,"column":1}},"line":6},"1":{"name":"(anonymous_1)","decl":{"start":{"line":9,"column":14},"end":{"line":9,"column":15}},"loc":{"start":{"line":9,"column":20},"end":{"line":11,"column":5}},"line":9},"2":{"name":"(anonymous_2)","decl":{"start":{"line":13,"column":18},"end":{"line":13,"column":19}},"loc":{"start":{"line":13,"column":30},"end":{"line":29,"column":5}},"line":13}},"branchMap":{"0":{"loc":{"start":{"line":16,"column":8},"end":{"line":18,"column":9}},"type":"if","locations":[{"start":{"line":16,"column":8},"end":{"line":18,"column":9}},{"start":{"line":16,"column":8},"end":{"line":18,"column":9}}],"line":16},"1":{"loc":{"start":{"line":37,"column":17},"end":{"line":44,"column":26}},"type":"cond-expr","locations":[{"start":{"line":38,"column":20},"end":{"line":43,"column":22}},{"start":{"line":44,"column":22},"end":{"line":44,"column":26}}],"line":37}},"s":{"0":0,"1":0,"2":0,"3":0,"4":0,"5":0,"6":0,"7":0,"8":0,"9":0,"10":0},"f":{"0":0,"1":0,"2":0},"b":{"0":[0,0],"1":[0,0]},"_coverageSchema":"43e27e138ebf9cfc5966b082cf9a028302ed4184","hash":"2ba5e01779bb77a9cac422f8e18cef91cc19d87b"}
,"/home/alisa/maastokartoitus-app/maastokartoitus-app/navigator/MyNavigator.js": {"path":"/home/alisa/maastokartoitus-app/maastokartoitus-app/navigator/MyNavigator.js","statementMap":{"0":{"start":{"line":7,"column":21},"end":{"line":16,"column":1}},"1":{"start":{"line":18,"column":21},"end":{"line":18,"column":53}}},"fnMap":{},"branchMap":{},"s":{"0":1,"1":1},"f":{},"b":{},"_coverageSchema":"43e27e138ebf9cfc5966b082cf9a028302ed4184","hash":"83b2ff031fcc082919cd21466c170eaf01cacac0"}
,"/home/alisa/maastokartoitus-app/maastokartoitus-app/screens/HavaintoScreen.js": {"path":"/home/alisa/maastokartoitus-app/maastokartoitus-app/screens/HavaintoScreen.js","statementMap":{"0":{"start":{"line":5,"column":29},"end":{"line":7,"column":3}},"1":{"start":{"line":11,"column":4},"end":{"line":15,"column":5}}},"fnMap":{"0":{"name":"(anonymous_0)","decl":{"start":{"line":9,"column":2},"end":{"line":9,"column":3}},"loc":{"start":{"line":9,"column":11},"end":{"line":16,"column":3}},"line":9}},"branchMap":{},"s":{"0":1,"1":0},"f":{"0":0},"b":{},"_coverageSchema":"43e27e138ebf9cfc5966b082cf9a028302ed4184","hash":"97233e290db78d53d644e7e8a212192a2f181bc7"}
,"/home/alisa/maastokartoitus-app/maastokartoitus-app/screens/HomeScreen.js": {"path":"/home/alisa/maastokartoitus-app/maastokartoitus-app/screens/HomeScreen.js","statementMap":{"0":{"start":{"line":5,"column":29},"end":{"line":7,"column":3}},"1":{"start":{"line":10,"column":21},"end":{"line":10,"column":42}},"2":{"start":{"line":12,"column":4},"end":{"line":27,"column":5}},"3":{"start":{"line":17,"column":27},"end":{"line":17,"column":42}},"4":{"start":{"line":23,"column":27},"end":{"line":23,"column":47}},"5":{"start":{"line":31,"column":15},"end":{"line":42,"column":2}}},"fnMap":{"0":{"name":"(anonymous_0)","decl":{"start":{"line":9,"column":2},"end":{"line":9,"column":3}},"loc":{"start":{"line":9,"column":11},"end":{"line":28,"column":3}},"line":9},"1":{"name":"(anonymous_1)","decl":{"start":{"line":17,"column":21},"end":{"line":17,"column":22}},"loc":{"start":{"line":17,"column":27},"end":{"line":17,"column":42}},"line":17},"2":{"name":"(anonymous_2)","decl":{"start":{"line":23,"column":21},"end":{"line":23,"column":22}},"loc":{"start":{"line":23,"column":27},"end":{"line":23,"column":47}},"line":23}},"branchMap":{},"s":{"0":2,"1":2,"2":2,"3":0,"4":0,"5":2},"f":{"0":2,"1":0,"2":0},"b":{},"_coverageSchema":"43e27e138ebf9cfc5966b082cf9a028302ed4184","hash":"e0cc8e428110205567e9f8b98ad365a3d99ea415"}
,"/home/alisa/maastokartoitus-app/maastokartoitus-app/screens/MapScreen.js": {"path":"/home/alisa/maastokartoitus-app/maastokartoitus-app/screens/MapScreen.js","statementMap":{"0":{"start":{"line":6,"column":29},"end":{"line":8,"column":3}},"1":{"start":{"line":12,"column":4},"end":{"line":16,"column":5}},"2":{"start":{"line":20,"column":15},"end":{"line":36,"column":2}}},"fnMap":{"0":{"name":"(anonymous_0)","decl":{"start":{"line":10,"column":2},"end":{"line":10,"column":3}},"loc":{"start":{"line":10,"column":11},"end":{"line":17,"column":3}},"line":10}},"branchMap":{},"s":{"0":1,"1":0,"2":1},"f":{"0":0},"b":{},"_coverageSchema":"43e27e138ebf9cfc5966b082cf9a028302ed4184","hash":"189f8fa13d5231e5e43bf936031aced0e45d3d29"}
}
