TN:
SF:/home/alisa/maastokartoitus-app/maastokartoitus-app/App.js
FN:5,(anonymous_0)
FNF:1
FNH:1
FNDA:1,(anonymous_0)
DA:6,1
LF:1
LH:1
BRF:0
BRH:0
end_of_record
TN:
SF:/home/alisa/maastokartoitus-app/maastokartoitus-app/components/MapComponent.js
FN:6,(anonymous_0)
FN:9,(anonymous_1)
FN:13,(anonymous_2)
FNF:3
FNH:0
FNDA:0,(anonymous_0)
FNDA:0,(anonymous_1)
FNDA:0,(anonymous_2)
DA:7,0
DA:9,0
DA:10,0
DA:13,0
DA:14,0
DA:16,0
DA:17,0
DA:20,0
DA:21,0
DA:28,0
DA:31,0
LF:11
LH:0
BRDA:16,0,0,0
BRDA:16,0,1,0
BRDA:37,1,0,0
BRDA:37,1,1,0
BRF:4
BRH:0
end_of_record
TN:
SF:/home/alisa/maastokartoitus-app/maastokartoitus-app/navigator/MyNavigator.js
FNF:0
FNH:0
DA:7,1
DA:18,1
LF:2
LH:2
BRF:0
BRH:0
end_of_record
TN:
SF:/home/alisa/maastokartoitus-app/maastokartoitus-app/screens/HavaintoScreen.js
FN:9,(anonymous_0)
FNF:1
FNH:0
FNDA:0,(anonymous_0)
DA:5,1
DA:11,0
LF:2
LH:1
BRF:0
BRH:0
end_of_record
TN:
SF:/home/alisa/maastokartoitus-app/maastokartoitus-app/screens/HomeScreen.js
FN:9,(anonymous_0)
FN:17,(anonymous_1)
FN:23,(anonymous_2)
FNF:3
FNH:1
FNDA:2,(anonymous_0)
FNDA:0,(anonymous_1)
FNDA:0,(anonymous_2)
DA:5,2
DA:10,2
DA:12,2
DA:17,0
DA:23,0
DA:31,2
LF:6
LH:4
BRF:0
BRH:0
end_of_record
TN:
SF:/home/alisa/maastokartoitus-app/maastokartoitus-app/screens/MapScreen.js
FN:10,(anonymous_0)
FNF:1
FNH:0
FNDA:0,(anonymous_0)
DA:6,1
DA:12,0
DA:20,1
LF:3
LH:2
BRF:0
BRH:0
end_of_record
